[2022-01-16 09:29:26] => Checking if game has disconnected
[2022-01-16 09:30:15] => Search for heroes to work
[2022-01-16 09:30:24] => 0 green bars detected
[2022-01-16 09:30:24] => 0 buttons detected
[2022-01-16 09:30:26] => 0 green bars detected
[2022-01-16 09:30:27] => 0 buttons detected
[2022-01-16 09:30:29] => 0 green bars detected
[2022-01-16 09:30:29] => 0 buttons detected
[2022-01-16 09:30:31] => 0 heroes sent to work
[2022-01-16 09:30:44] => Refreshing Heroes Positions
[2022-01-16 14:02:08] => Checking if game has disconnected
[2022-01-16 14:05:27] => Checking if game has disconnected
[2022-01-16 14:06:17] => Search for heroes to work
[2022-01-16 14:07:37] => Checking if game has disconnected
[2022-01-16 14:07:41] => Connect wallet button detected, logging in!
[2022-01-16 14:08:21] => Checking if game has disconnected
[2022-01-16 14:08:25] => Connect wallet button detected, logging in!
[2022-01-16 14:08:45] => Search for heroes to work
[2022-01-16 14:08:57] => 5 green bars detected
[2022-01-16 14:08:57] => 0 buttons detected
[2022-01-16 14:09:05] => 1 green bars detected
[2022-01-16 14:09:05] => 3 buttons detected
[2022-01-16 14:09:12] => 1 green bars detected
[2022-01-16 14:09:13] => 5 buttons detected
[2022-01-16 14:09:13] => 1 buttons with green bar detected
[2022-01-16 14:09:13] => Clicking in 1 heroes
[2022-01-16 14:09:24] => 0 green bars detected
[2022-01-16 14:09:24] => 5 buttons detected
[2022-01-16 14:09:31] => 1 heroes sent to work
[2022-01-16 14:09:45] => Refreshing Heroes Positions
[2022-01-16 14:11:20] => Checking if game has disconnected
[2022-01-16 14:12:08] => Search for heroes to work
[2022-01-16 14:12:19] => 0 green bars detected
[2022-01-16 14:12:19] => 0 buttons detected
[2022-01-16 14:12:26] => 0 green bars detected
[2022-01-16 14:12:27] => 2 buttons detected
[2022-01-16 14:12:34] => 0 green bars detected
[2022-01-16 14:12:35] => 5 buttons detected
[2022-01-16 14:12:42] => 0 heroes sent to work
[2022-01-16 14:12:55] => Refreshing Heroes Positions
[2022-01-16 14:15:55] => Opening box and getting amount
[2022-01-16 14:16:04] => Opening settings
[2022-01-16 14:16:11] => Checking if game has disconnected
[2022-01-16 14:17:15] => Checking if game has disconnected
[2022-01-16 14:18:02] => Search for heroes to work
[2022-01-16 14:18:13] => 0 green bars detected
[2022-01-16 14:18:13] => 3 buttons detected
[2022-01-16 14:18:20] => 1 green bars detected
[2022-01-16 14:18:21] => 4 buttons detected
[2022-01-16 14:18:21] => 1 buttons with green bar detected
[2022-01-16 14:18:21] => Clicking in 1 heroes
[2022-01-16 14:18:32] => 0 green bars detected
[2022-01-16 14:18:32] => 5 buttons detected
[2022-01-16 14:18:39] => 0 green bars detected
[2022-01-16 14:18:40] => 5 buttons detected
[2022-01-16 14:18:47] => 1 heroes sent to work
[2022-01-16 14:21:56] => Checking if game has disconnected
[2022-01-16 14:22:43] => Search for heroes to work
[2022-01-16 14:24:04] => Checking if game has disconnected
[2022-01-16 14:24:52] => Search for heroes to work
[2022-01-16 14:25:01] => Sending heroes with green stamina bar to work
[2022-01-16 14:25:02] => 0 green bars detected
[2022-01-16 14:25:02] => 4 buttons detected
[2022-01-16 14:25:09] => 0 green bars detected
[2022-01-16 14:25:10] => 4 buttons detected
[2022-01-16 14:25:17] => 1 green bars detected
[2022-01-16 14:25:17] => 5 buttons detected
[2022-01-16 14:25:17] => 1 buttons with green bar detected
[2022-01-16 14:25:17] => Clicking in 1 heroes
[2022-01-16 14:25:28] => 0 green bars detected
[2022-01-16 14:25:28] => 5 buttons detected
[2022-01-16 14:25:35] => 1 heroes sent to work
